<?xml version="1.0" encoding="UTF-8"?>
<testng-results ignored="0" total="1" passed="1" failed="0" skipped="0">
  <reporter-output>
  </reporter-output>
  <suite started-at="2023-04-10T16:49:32 IST" name="Default suite" finished-at="2023-04-10T16:49:57 IST" duration-ms="25527">
    <groups>
    </groups>
    <test started-at="2023-04-10T16:49:32 IST" name="Default test" finished-at="2023-04-10T16:49:57 IST" duration-ms="25527">
      <class name="jpack.s1test">
        <test-method signature="test1()[pri:0, instance:jpack.s1test@2beee7ff]" started-at="2023-04-10T16:49:32 IST" name="test1" finished-at="2023-04-10T16:49:57 IST" duration-ms="25412" status="PASS">
          <reporter-output>
          </reporter-output>
        </test-method> <!-- test1 -->
      </class> <!-- jpack.s1test -->
    </test> <!-- Default test -->
  </suite> <!-- Default suite -->
</testng-results>
